{
  "RSpec": {
    "coverage": {
      "/Users/pete/Projects/oystercard/spec/feature_spec.rb": [
        1,
        1,
        null,
        1,
        1,
        1,
        1,
        1,
        1,
        1,
        1,
        1,
        1,
        null,
        null,
        null,
        null,
        null,
        null,
        null
      ],
      "/Users/pete/Projects/oystercard/lib/oystercard.rb": [
        1,
        null,
        1,
        null,
        1,
        1,
        1,
        1,
        1,
        1,
        null,
        1,
        null,
        1,
        14,
        14,
        14,
        null,
        null,
        1,
        12,
        11,
        null,
        null,
        1,
        22,
        null,
        null,
        1,
        11,
        11,
        10,
        null,
        null,
        null,
        null,
        1,
        6,
        6,
        6,
        null,
        null,
        null,
        1,
        null,
        1,
        10,
        10,
        null,
        null,
        1,
        8,
        8,
        8,
        null,
        null,
        null,
        null,
        null
      ],
      "/Users/pete/Projects/oystercard/lib/journey.rb": [
        1,
        null,
        1,
        1,
        null,
        1,
        null,
        1,
        5,
        null,
        null,
        1,
        6,
        null,
        null,
        1,
        4,
        null,
        null,
        null
      ],
      "/Users/pete/Projects/oystercard/lib/station.rb": [
        1,
        1,
        null,
        1,
        2,
        2,
        null,
        null
      ],
      "/Users/pete/Projects/oystercard/spec/journey_spec.rb": [
        1,
        null,
        1,
        5,
        3,
        3,
        3,
        3,
        null,
        null,
        null,
        2,
        null,
        1,
        1,
        1,
        1,
        null,
        null,
        1,
        1,
        1,
        null,
        null,
        1,
        1,
        1,
        null,
        null,
        null
      ],
      "/Users/pete/Projects/oystercard/spec/oystercard_spec.rb": [
        1,
        null,
        1,
        1,
        null,
        1,
        9,
        6,
        1,
        null,
        14,
        14,
        14,
        null,
        null,
        null,
        1,
        1,
        1,
        null,
        null,
        null,
        1,
        1,
        4,
        null,
        null,
        1,
        1,
        2,
        null,
        null,
        null,
        1,
        1,
        4,
        4,
        null,
        null,
        1,
        1,
        null,
        null,
        1,
        1,
        4,
        null,
        null,
        1,
        1,
        1,
        null,
        null,
        1,
        1,
        1,
        null,
        null,
        null,
        1,
        1,
        2,
        null,
        null,
        null,
        1,
        1,
        4,
        null,
        1,
        1,
        4,
        null,
        null,
        1,
        1,
        4,
        null,
        null,
        1,
        1,
        1,
        1,
        null,
        null,
        1,
        1,
        1,
        1,
        null,
        null,
        null,
        1,
        1,
        1,
        1,
        null,
        null,
        null
      ],
      "/Users/pete/Projects/oystercard/spec/station_spec.rb": [
        1,
        null,
        1,
        3,
        3,
        3,
        null,
        2,
        2,
        null
      ]
    },
    "timestamp": 1457541801
  }
}
